\BOOKMARK [0][-]{chapter.1}{\376\377\000I\000n\000t\000r\000o\000d\000u\000c\000t\000i\000o\000n}{}% 1
\BOOKMARK [0][-]{chapter.2}{\376\377\000N\000e\000t\000w\000o\000r\000k\000\040\000T\000o\000p\000o\000l\000o\000g\000y\000\040\000O\000v\000e\000r\000v\000i\000e\000w}{}% 2
\BOOKMARK [0][-]{chapter.3}{\376\377\000P\000r\000o\000b\000l\000e\000m\000\040\000S\000t\000a\000t\000e\000m\000e\000n\000t}{}% 3
\BOOKMARK [1][-]{section.3.1}{\376\377\000A\000n\000a\000l\000y\000z\000i\000n\000g\000\040\000t\000h\000e\000\040\000P\000r\000o\000b\000l\000e\000m}{chapter.3}% 4
\BOOKMARK [1][-]{section.3.2}{\376\377\000P\000r\000o\000j\000e\000c\000t\000\040\000O\000b\000j\000e\000c\000t\000i\000v\000e}{chapter.3}% 5
\BOOKMARK [0][-]{chapter.4}{\376\377\000P\000r\000o\000p\000o\000s\000e\000d\000\040\000S\000o\000l\000u\000t\000i\000o\000n\000\040\000a\000n\000d\000\040\000D\000e\000s\000i\000g\000n\000\040\000A\000p\000p\000r\000o\000a\000c\000h}{}% 6
\BOOKMARK [0][-]{chapter.5}{\376\377\000B\000a\000c\000k\000g\000r\000o\000u\000n\000d\000\040\000S\000t\000u\000d\000y}{}% 7
\BOOKMARK [0][-]{chapter.6}{\376\377\000R\000o\000u\000t\000i\000n\000g\000\040\000P\000r\000o\000t\000o\000c\000o\000l\000s}{}% 8
\BOOKMARK [1][-]{section.6.1}{\376\377\000S\000p\000a\000n\000n\000i\000n\000g\000\040\000T\000r\000e\000e\000\040\000P\000r\000o\000t\000o\000c\000o\000l}{chapter.6}% 9
\BOOKMARK [1][-]{section.6.2}{\376\377\000H\000o\000t\000\040\000S\000t\000a\000n\000d\000b\000y\000\040\000R\000o\000u\000t\000e\000r\000\040\000P\000r\000o\000t\000o\000c\000o\000l}{chapter.6}% 10
\BOOKMARK [1][-]{section.6.3}{\376\377\000M\000u\000l\000t\000i\000p\000l\000e\000\040\000H\000o\000t\000\040\000S\000t\000a\000n\000d\000b\000y\000\040\000R\000o\000u\000t\000e\000r\000\040\000P\000r\000o\000t\000o\000c\000o\000l}{chapter.6}% 11
\BOOKMARK [0][-]{chapter.7}{\376\377\000H\000S\000R\000P\000\040\000C\000o\000n\000f\000i\000g\000u\000r\000a\000t\000i\000o\000n}{}% 12
\BOOKMARK [1][-]{section.7.1}{\376\377\000R\000o\000u\000t\000e\000r\000\040\000C\000o\000n\000f\000i\000g\000u\000r\000a\000t\000i\000o\000n}{chapter.7}% 13
\BOOKMARK [1][-]{section.7.2}{\376\377\000P\000C\000\040\000I\000P\000\040\000C\000o\000n\000f\000i\000g\000u\000r\000a\000t\000i\000o\000n}{chapter.7}% 14
\BOOKMARK [1][-]{section.7.3}{\376\377\000S\000w\000i\000t\000c\000h\000\040\000C\000o\000n\000f\000i\000g\000u\000r\000a\000t\000i\000o\000n}{chapter.7}% 15
\BOOKMARK [1][-]{section.7.4}{\376\377\000T\000e\000s\000t\000i\000n\000g\000\040\000i\000n\000\040\000H\000S\000R\000P\000\040\000P\000r\000o\000t\000o\000c\000o\000l}{chapter.7}% 16
\BOOKMARK [0][-]{chapter.8}{\376\377\000M\000u\000l\000t\000i\000p\000l\000e\000\040\000H\000o\000t\000\040\000S\000t\000a\000n\000d\000b\000y\000\040\000R\000o\000u\000t\000e\000r\000\040\000P\000r\000o\000t\000o\000c\000o\000l\000\040\000C\000o\000n\000f\000i\000g\000u\000r\000a\000t\000i\000o\000n}{}% 17
\BOOKMARK [1][-]{section.8.1}{\376\377\000B\000i\000g\000\040\000N\000e\000t\000w\000o\000r\000k\000\040\000P\000r\000o\000b\000l\000e\000m\000s}{chapter.8}% 18
\BOOKMARK [1][-]{section.8.2}{\376\377\000I\000m\000p\000l\000e\000m\000e\000n\000t\000a\000t\000i\000o\000n\000\040\000o\000f\000\040\000M\000H\000S\000R\000P\000\040\000i\000n\000\040\000N\000e\000t\000w\000o\000r\000k}{chapter.8}% 19
\BOOKMARK [1][-]{section.8.3}{\376\377\000R\000o\000u\000t\000e\000r\000\040\000C\000o\000n\000f\000i\000g\000u\000r\000a\000t\000i\000o\000n\000\040\000o\000f\000\040\000M\000H\000S\000R\000P}{chapter.8}% 20
\BOOKMARK [1][-]{section.8.4}{\376\377\000P\000C\000\040\000I\000P\000\040\000C\000o\000n\000f\000i\000g\000u\000r\000a\000t\000i\000o\000n}{chapter.8}% 21
\BOOKMARK [1][-]{section.8.5}{\376\377\000S\000w\000i\000t\000c\000h\000\040\000C\000o\000n\000f\000i\000g\000u\000r\000a\000t\000i\000o\000n}{chapter.8}% 22
\BOOKMARK [1][-]{section.8.6}{\376\377\000T\000e\000s\000t\000i\000n\000g\000\040\000i\000n\000\040\000M\000H\000S\000R\000P\000\040\000P\000r\000o\000t\000o\000c\000o\000l}{chapter.8}% 23
\BOOKMARK [0][-]{chapter.9}{\376\377\000T\000r\000o\000u\000b\000l\000e\000s\000h\000o\000o\000t\000i\000n\000g\000\040\000a\000n\000d\000\040\000O\000b\000s\000e\000r\000v\000a\000t\000i\000o\000n\000s}{}% 24
\BOOKMARK [0][-]{chapter.10}{\376\377\000F\000u\000t\000u\000r\000e\000\040\000W\000o\000r\000k\000\040\000a\000n\000d\000\040\000I\000m\000p\000r\000o\000v\000e\000m\000e\000n\000t\000s}{}% 25
\BOOKMARK [0][-]{chapter.11}{\376\377\000R\000e\000f\000e\000r\000e\000n\000c\000e\000s}{}% 26
